<?xml version="1.0" encoding="UTF-8" ?>
<testsuite errors="0" failures="0" hostname="el2724" name="opendial.inference.NetworkReductionTest" skipped="0" tests="5" time="0.932" timestamp="2015-02-09T04:59:00">
  <properties>
    <property name="java.vendor" value="Oracle Corporation" />
    <property name="sun.java.launcher" value="SUN_STANDARD" />
    <property name="sun.management.compiler" value="HotSpot Client Compiler" />
    <property name="ant.file.type.opendial" value="file" />
    <property name="lib" value="/home/edward/Downloads/opendial-1.1/lib" />
    <property name="os.name" value="Linux" />
    <property name="sun.boot.class.path" value="/usr/lib/jvm/java-8-oracle/jre/lib/resources.jar:/usr/lib/jvm/java-8-oracle/jre/lib/rt.jar:/usr/lib/jvm/java-8-oracle/jre/lib/sunrsasign.jar:/usr/lib/jvm/java-8-oracle/jre/lib/jsse.jar:/usr/lib/jvm/java-8-oracle/jre/lib/jce.jar:/usr/lib/jvm/java-8-oracle/jre/lib/charsets.jar:/usr/lib/jvm/java-8-oracle/jre/lib/jfr.jar:/usr/lib/jvm/java-8-oracle/jre/classes" />
    <property name="TODAY" value="February 8 2015" />
    <property name="sun.desktop" value="gnome" />
    <property name="java.vm.specification.vendor" value="Oracle Corporation" />
    <property name="ant.home" value="/usr/share/ant" />
    <property name="java.runtime.version" value="1.8.0_31-b13" />
    <property name="other_args" value="" />
    <property name="user.name" value="edward" />
    <property name="user.language" value="en" />
    <property name="build" value="/home/edward/Downloads/opendial-1.1/bin" />
    <property name="sun.boot.library.path" value="/usr/lib/jvm/java-8-oracle/jre/lib/i386" />
    <property name="ant.project.default-target" value="compile" />
    <property name="ant.project.name" value="opendial" />
    <property name="DSTAMP" value="20150208" />
    <property name="java.version" value="1.8.0_31" />
    <property name="user.timezone" value="America/New_York" />
    <property name="sun.arch.data.model" value="32" />
    <property name="java.endorsed.dirs" value="/usr/lib/jvm/java-8-oracle/jre/lib/endorsed" />
    <property name="sun.cpu.isalist" value="" />
    <property name="sun.jnu.encoding" value="UTF-8" />
    <property name="file.encoding.pkg" value="sun.io" />
    <property name="file.separator" value="/" />
    <property name="java.specification.name" value="Java Platform API Specification" />
    <property name="java.class.version" value="52.0" />
    <property name="src" value="/home/edward/Downloads/opendial-1.1/src" />
    <property name="user.country" value="US" />
    <property name="java.home" value="/usr/lib/jvm/java-8-oracle/jre" />
    <property name="java.vm.info" value="mixed mode" />
    <property name="ant.file.opendial" value="/home/edward/Downloads/opendial-1.1/build.xml" />
    <property name="ant.file" value="/home/edward/Downloads/opendial-1.1/build.xml" />
    <property name="os.version" value="3.13.0-32-generic" />
    <property name="path.separator" value=":" />
    <property name="testreports" value="/home/edward/Downloads/opendial-1.1/doc/testreports" />
    <property name="java.vm.version" value="25.31-b07" />
    <property name="ant.library.dir" value="/usr/share/ant/lib" />
    <property name="java.awt.printerjob" value="sun.print.PSPrinterJob" />
    <property name="sun.io.unicode.encoding" value="UnicodeLittle" />
    <property name="awt.toolkit" value="sun.awt.X11.XToolkit" />
    <property name="user.home" value="/home/edward" />
    <property name="java.specification.vendor" value="Oracle Corporation" />
    <property name="java.library.path" value="/usr/java/packages/lib/i386:/lib:/usr/lib" />
    <property name="java.vendor.url" value="http://java.oracle.com/" />
    <property name="java.vm.vendor" value="Oracle Corporation" />
    <property name="java.runtime.name" value="Java(TM) SE Runtime Environment" />
    <property name="sun.java.command" value="org.apache.tools.ant.taskdefs.optional.junit.JUnitTestRunner opendial.inference.NetworkReductionTest skipNonTests=false filtertrace=true haltOnError=true haltOnFailure=false formatter=org.apache.tools.ant.taskdefs.optional.junit.SummaryJUnitResultFormatter showoutput=false outputtoformatters=true logfailedtests=true logtestlistenerevents=false formatter=org.apache.tools.ant.taskdefs.optional.junit.XMLJUnitResultFormatter,/home/edward/Downloads/opendial-1.1/doc/testreports/TEST-opendial.inference.NetworkReductionTest.xml crashfile=/home/edward/Downloads/opendial-1.1/junitvmwatcher352474064281947442.properties propsfile=/home/edward/Downloads/opendial-1.1/junit8658272522349189963.properties" />
    <property name="java.class.path" value="/home/edward/Downloads/opendial-1.1/lib/apache-hc.jar:/home/edward/Downloads/opendial-1.1/lib/att-codekit.jar:/home/edward/Downloads/opendial-1.1/lib/balloontip.jar:/home/edward/Downloads/opendial-1.1/lib/commons-io.jar:/home/edward/Downloads/opendial-1.1/lib/java-json.jar:/home/edward/Downloads/opendial-1.1/lib/jcommon.jar:/home/edward/Downloads/opendial-1.1/lib/jfreechart.jar:/home/edward/Downloads/opendial-1.1/lib/jung.jar:/home/edward/Downloads/opendial-1.1/lib/junit.jar:/home/edward/Downloads/opendial-1.1/bin:/usr/share/java/ant-launcher-1.9.3.jar:/usr/share/ant/lib/ant.jar:/usr/share/ant/lib/ant-junit.jar:/usr/share/ant/lib/ant-junit4.jar" />
    <property name="ant.version" value="Apache Ant(TM) version 1.9.3 compiled on April 8 2014" />
    <property name="TSTAMP" value="2357" />
    <property name="java.vm.specification.name" value="Java Virtual Machine Specification" />
    <property name="ant.file.type" value="file" />
    <property name="java.vm.specification.version" value="1.8" />
    <property name="sun.cpu.endian" value="little" />
    <property name="sun.os.patch.level" value="unknown" />
    <property name="java.io.tmpdir" value="/tmp" />
    <property name="java.vendor.url.bug" value="http://bugreport.sun.com/bugreport/" />
    <property name="testsrc" value="/home/edward/Downloads/opendial-1.1/test" />
    <property name="os.arch" value="i386" />
    <property name="java.awt.graphicsenv" value="sun.awt.X11GraphicsEnvironment" />
    <property name="javadoc" value="/home/edward/Downloads/opendial-1.1/doc/javadoc" />
    <property name="java.ext.dirs" value="/usr/lib/jvm/java-8-oracle/jre/lib/ext:/usr/java/packages/lib/ext" />
    <property name="user.dir" value="/home/edward/Downloads/opendial-1.1" />
    <property name="line.separator" value="&#xa;" />
    <property name="java.vm.name" value="Java HotSpot(TM) Client VM" />
    <property name="basedir" value="/home/edward/Downloads/opendial-1.1" />
    <property name="ant.java.version" value="1.8" />
    <property name="ant.core.lib" value="/usr/share/ant/lib/ant.jar" />
    <property name="file.encoding" value="UTF-8" />
    <property name="java.specification.version" value="1.8" />
    <property name="ant.project.invoked-targets" value="test" />
  </properties>
  <testcase classname="opendial.inference.NetworkReductionTest" name="test2" time="0.283" />
  <testcase classname="opendial.inference.NetworkReductionTest" name="test3" time="0.066" />
  <testcase classname="opendial.inference.NetworkReductionTest" name="test5" time="0.036" />
  <testcase classname="opendial.inference.NetworkReductionTest" name="test6" time="0.123" />
  <testcase classname="opendial.inference.NetworkReductionTest" name="test1" time="0.119" />
  <system-out><![CDATA[]]></system-out>
  <system-err><![CDATA[]]></system-err>
</testsuite>
