<?xml version="1.0" encoding="UTF-8" ?>
<testsuite errors="0" failures="0" hostname="xiaoqians-air" name="opendial.modules.PlanningTest" skipped="0" tests="5" time="0.938" timestamp="2015-04-03T19:46:47">
  <properties>
    <property name="java.vendor" value="Oracle Corporation" />
    <property name="sun.java.launcher" value="SUN_STANDARD" />
    <property name="sun.management.compiler" value="HotSpot 64-Bit Tiered Compilers" />
    <property name="ant.file.type.opendial" value="file" />
    <property name="lib" value="/Users/Marshal/Google Drive/Academic/Seminar on Spoken Dialogue System/Project/workstation/jarvis/opendial-1.1/lib" />
    <property name="os.name" value="Mac OS X" />
    <property name="sun.boot.class.path" value="/Library/Java/JavaVirtualMachines/jdk1.8.0_31.jdk/Contents/Home/jre/lib/resources.jar:/Library/Java/JavaVirtualMachines/jdk1.8.0_31.jdk/Contents/Home/jre/lib/rt.jar:/Library/Java/JavaVirtualMachines/jdk1.8.0_31.jdk/Contents/Home/jre/lib/sunrsasign.jar:/Library/Java/JavaVirtualMachines/jdk1.8.0_31.jdk/Contents/Home/jre/lib/jsse.jar:/Library/Java/JavaVirtualMachines/jdk1.8.0_31.jdk/Contents/Home/jre/lib/jce.jar:/Library/Java/JavaVirtualMachines/jdk1.8.0_31.jdk/Contents/Home/jre/lib/charsets.jar:/Library/Java/JavaVirtualMachines/jdk1.8.0_31.jdk/Contents/Home/jre/lib/jfr.jar:/Library/Java/JavaVirtualMachines/jdk1.8.0_31.jdk/Contents/Home/jre/classes" />
    <property name="TODAY" value="April 3 2015" />
    <property name="java.vm.specification.vendor" value="Oracle Corporation" />
    <property name="ant.home" value="/usr/local/Cellar/ant/1.9.4/libexec" />
    <property name="java.runtime.version" value="1.8.0_31-b13" />
    <property name="other_args" value="-Dapple.laf.useScreenMenuBar=true -Xdock:name=&quot;OpenDial&quot; -Xdock:icon=&quot;resources/opendial-icon.png&quot;" />
    <property name="user.name" value="Marshal" />
    <property name="user.language" value="en" />
    <property name="build" value="/Users/Marshal/Google Drive/Academic/Seminar on Spoken Dialogue System/Project/workstation/jarvis/opendial-1.1/bin" />
    <property name="sun.boot.library.path" value="/Library/Java/JavaVirtualMachines/jdk1.8.0_31.jdk/Contents/Home/jre/lib" />
    <property name="ant.project.default-target" value="compile" />
    <property name="ant.project.name" value="opendial" />
    <property name="DSTAMP" value="20150403" />
    <property name="java.version" value="1.8.0_31" />
    <property name="user.timezone" value="America/New_York" />
    <property name="sun.arch.data.model" value="64" />
    <property name="http.nonProxyHosts" value="local|*.local|169.254/16|*.169.254/16" />
    <property name="java.endorsed.dirs" value="/Library/Java/JavaVirtualMachines/jdk1.8.0_31.jdk/Contents/Home/jre/lib/endorsed" />
    <property name="sun.cpu.isalist" value="" />
    <property name="sun.jnu.encoding" value="UTF-8" />
    <property name="file.encoding.pkg" value="sun.io" />
    <property name="file.separator" value="/" />
    <property name="java.specification.name" value="Java Platform API Specification" />
    <property name="java.class.version" value="52.0" />
    <property name="src" value="/Users/Marshal/Google Drive/Academic/Seminar on Spoken Dialogue System/Project/workstation/jarvis/opendial-1.1/src" />
    <property name="user.country" value="US" />
    <property name="java.home" value="/Library/Java/JavaVirtualMachines/jdk1.8.0_31.jdk/Contents/Home/jre" />
    <property name="java.vm.info" value="mixed mode" />
    <property name="ant.file.opendial" value="/Users/Marshal/Google Drive/Academic/Seminar on Spoken Dialogue System/Project/workstation/jarvis/opendial-1.1/build.xml" />
    <property name="ant.file" value="/Users/Marshal/Google Drive/Academic/Seminar on Spoken Dialogue System/Project/workstation/jarvis/opendial-1.1/build.xml" />
    <property name="os.version" value="10.10.2" />
    <property name="path.separator" value=":" />
    <property name="testreports" value="/Users/Marshal/Google Drive/Academic/Seminar on Spoken Dialogue System/Project/workstation/jarvis/opendial-1.1/doc/testreports" />
    <property name="java.vm.version" value="25.31-b07" />
    <property name="ant.library.dir" value="/usr/local/Cellar/ant/1.9.4/libexec/lib" />
    <property name="java.awt.printerjob" value="sun.lwawt.macosx.CPrinterJob" />
    <property name="sun.io.unicode.encoding" value="UnicodeBig" />
    <property name="awt.toolkit" value="sun.lwawt.macosx.LWCToolkit" />
    <property name="socksNonProxyHosts" value="local|*.local|169.254/16|*.169.254/16" />
    <property name="ftp.nonProxyHosts" value="local|*.local|169.254/16|*.169.254/16" />
    <property name="user.home" value="/Users/Marshal" />
    <property name="java.specification.vendor" value="Oracle Corporation" />
    <property name="java.library.path" value="/Users/Marshal/Library/Java/Extensions:/Library/Java/Extensions:/Network/Library/Java/Extensions:/System/Library/Java/Extensions:/usr/lib/java:." />
    <property name="java.vendor.url" value="http://java.oracle.com/" />
    <property name="java.vm.vendor" value="Oracle Corporation" />
    <property name="gopherProxySet" value="false" />
    <property name="java.runtime.name" value="Java(TM) SE Runtime Environment" />
    <property name="sun.java.command" value="org.apache.tools.ant.taskdefs.optional.junit.JUnitTestRunner opendial.modules.PlanningTest skipNonTests=false filtertrace=true haltOnError=true haltOnFailure=false formatter=org.apache.tools.ant.taskdefs.optional.junit.SummaryJUnitResultFormatter showoutput=false outputtoformatters=true logfailedtests=true threadid=0 logtestlistenerevents=false formatter=org.apache.tools.ant.taskdefs.optional.junit.XMLJUnitResultFormatter,/Users/Marshal/Google Drive/Academic/Seminar on Spoken Dialogue System/Project/workstation/jarvis/opendial-1.1/doc/testreports/TEST-opendial.modules.PlanningTest.xml crashfile=/Users/Marshal/Google Drive/Academic/Seminar on Spoken Dialogue System/Project/workstation/jarvis/opendial-1.1/junitvmwatcher5195770188079562520.properties propsfile=/Users/Marshal/Google Drive/Academic/Seminar on Spoken Dialogue System/Project/workstation/jarvis/opendial-1.1/junit8897333524159737001.properties" />
    <property name="java.class.path" value="/Users/Marshal/Google Drive/Academic/Seminar on Spoken Dialogue System/Project/workstation/jarvis/opendial-1.1/lib/apache-hc.jar:/Users/Marshal/Google Drive/Academic/Seminar on Spoken Dialogue System/Project/workstation/jarvis/opendial-1.1/lib/att-codekit.jar:/Users/Marshal/Google Drive/Academic/Seminar on Spoken Dialogue System/Project/workstation/jarvis/opendial-1.1/lib/balloontip.jar:/Users/Marshal/Google Drive/Academic/Seminar on Spoken Dialogue System/Project/workstation/jarvis/opendial-1.1/lib/commons-io.jar:/Users/Marshal/Google Drive/Academic/Seminar on Spoken Dialogue System/Project/workstation/jarvis/opendial-1.1/lib/java-json.jar:/Users/Marshal/Google Drive/Academic/Seminar on Spoken Dialogue System/Project/workstation/jarvis/opendial-1.1/lib/jcommon.jar:/Users/Marshal/Google Drive/Academic/Seminar on Spoken Dialogue System/Project/workstation/jarvis/opendial-1.1/lib/jfreechart.jar:/Users/Marshal/Google Drive/Academic/Seminar on Spoken Dialogue System/Project/workstation/jarvis/opendial-1.1/lib/jung.jar:/Users/Marshal/Google Drive/Academic/Seminar on Spoken Dialogue System/Project/workstation/jarvis/opendial-1.1/lib/junit.jar:/Users/Marshal/Google Drive/Academic/Seminar on Spoken Dialogue System/Project/workstation/jarvis/opendial-1.1/bin:/usr/local/Cellar/ant/1.9.4/libexec/lib/ant-launcher.jar:/usr/local/Cellar/ant/1.9.4/libexec/lib/ant.jar:/usr/local/Cellar/ant/1.9.4/libexec/lib/ant-junit.jar:/usr/local/Cellar/ant/1.9.4/libexec/lib/ant-junit4.jar" />
    <property name="ant.version" value="Apache Ant(TM) version 1.9.4 compiled on April 29 2014" />
    <property name="TSTAMP" value="1545" />
    <property name="java.vm.specification.name" value="Java Virtual Machine Specification" />
    <property name="ant.file.type" value="file" />
    <property name="java.vm.specification.version" value="1.8" />
    <property name="sun.cpu.endian" value="little" />
    <property name="sun.os.patch.level" value="unknown" />
    <property name="java.io.tmpdir" value="/var/folders/nr/vlkg4nkn3cjfl_ltkrtyg3lr0000gn/T/" />
    <property name="java.vendor.url.bug" value="http://bugreport.sun.com/bugreport/" />
    <property name="testsrc" value="/Users/Marshal/Google Drive/Academic/Seminar on Spoken Dialogue System/Project/workstation/jarvis/opendial-1.1/test" />
    <property name="os.arch" value="x86_64" />
    <property name="java.awt.graphicsenv" value="sun.awt.CGraphicsEnvironment" />
    <property name="javadoc" value="/Users/Marshal/Google Drive/Academic/Seminar on Spoken Dialogue System/Project/workstation/jarvis/opendial-1.1/doc/javadoc" />
    <property name="java.ext.dirs" value="/Users/Marshal/Library/Java/Extensions:/Library/Java/JavaVirtualMachines/jdk1.8.0_31.jdk/Contents/Home/jre/lib/ext:/Library/Java/Extensions:/Network/Library/Java/Extensions:/System/Library/Java/Extensions:/usr/lib/java" />
    <property name="user.dir" value="/Users/Marshal/Google Drive/Academic/Seminar on Spoken Dialogue System/Project/workstation/jarvis/opendial-1.1" />
    <property name="line.separator" value="&#xa;" />
    <property name="java.vm.name" value="Java HotSpot(TM) 64-Bit Server VM" />
    <property name="basedir" value="/Users/Marshal/Google Drive/Academic/Seminar on Spoken Dialogue System/Project/workstation/jarvis/opendial-1.1" />
    <property name="ant.java.version" value="1.8" />
    <property name="ant.core.lib" value="/usr/local/Cellar/ant/1.9.4/libexec/lib/ant.jar" />
    <property name="file.encoding" value="UTF-8" />
    <property name="java.specification.version" value="1.8" />
    <property name="ant.project.invoked-targets" value="test" />
  </properties>
  <testcase classname="opendial.modules.PlanningTest" name="testPlanning5" time="0.513" />
  <testcase classname="opendial.modules.PlanningTest" name="testPlanning" time="0.102" />
  <testcase classname="opendial.modules.PlanningTest" name="testPlanning2" time="0.05" />
  <testcase classname="opendial.modules.PlanningTest" name="testPlanning3" time="0.053" />
  <testcase classname="opendial.modules.PlanningTest" name="testPlanning4" time="0.183" />
  <system-out><![CDATA[]]></system-out>
  <system-err><![CDATA[]]></system-err>
</testsuite>
