
<domain>
	<!-- Natural language understanding models, constituted of two models: one model to recognise
	the user dialogue act. from the utterance, and one model to update the slots in accordance with 
	this dialogue act.

	The user dialogue act associated with each utterance is represented here as a list of 
	basic acts (such as "Confirm" or "Inform(...)").  This representation allows us to 
	capture the fact that an utterance such as "Yes, 3 tickets" contains both a confirmation
	and a new information about the number of tickets. 
	-->

	<model trigger="u_u">
		<!-- This model takes the raw user utterance as input, and outputs the corresponding 
	  dialogue acts from the user. This model uses simple shallow patterns to extract 
	  domain-specific information (such as events or dates) from the utterance. -->
	  
	  
		<!-- Extracts booking information related to the calendar action  -->
		<rule>
			<case>
				<condition>
                                    <if var="u_u" relation="contains" value="{Sentence}" />
				</condition>
				<effect>
                                    <set var="raw_u" value="{Sentence}" />
				</effect>
                        </case>
		</rule>

	</model>
	
	
	<model trigger="a_u">
		<!-- This model take the dialogue act fom the user and uses it to fill the corresponding
	  slots (departure, calendaraction, flight dates, number of tickets, etc.). --> 

                 <rule id="SC_AU-UM">
                     <case>
                         <effect>
                             <set var="a_m" value="AddEvent"/>
                             <set var="u_m" value="{a_u}"/>
                         </effect>
                     </case>
                 </rule>


		<!-- If the last system action is a confirmation request and the user confirms the
		information, also update the corresponding slot-->
		<rule>
			<case>
				<condition>
					<if var="a_m" value="Confirm({Slot},{Value})" />
					<if var="a_u" relation="contains" value="Confirm" />
				</condition>
				<effect>
					<set var="{Slot}" value="{Value}" />
				</effect>
			</case>
		</rule>
		
		<!-- Once the information is grounded, we assume the value won't change-->
		<rule>
			<case>
				<condition>
					<if var="a_m" value="Ground({Slot},{Value})" />
				</condition>
				<effect>
					<set var="{Slot}" value="{Value}" />
				</effect>
			</case>
		</rule>

		<!-- Catch-all rule that simply keeps the slots to their current value
		in the absence of any other new information. -->
		<rule priority="2">
			<case>
				<effect>
					<set var="CalendarAction" value="None" />
					<set var="CalendarAction" value="{CalendarAction}" />
					<set var="Departure" value="{Departure}" />
					<set var="Date" value="{Date}" />
					<set var="ReturnDate" value="{ReturnDate}" />
					<set var="NbTickets" value="{NbTickets}" />
				</effect>
			</case>
		</rule>

	</model>
	
	</domain>
